SF:lib\menu_utama\notification_page.dart
DA:7,1
DA:9,1
DA:10,1
DA:17,1
DA:19,1
DA:22,0
DA:31,0
DA:34,0
DA:46,0
DA:55,1
DA:57,1
DA:58,1
DA:62,1
DA:66,1
DA:72,1
DA:73,1
DA:74,2
DA:76,1
DA:78,0
DA:79,0
DA:83,1
DA:84,1
DA:85,1
DA:86,1
DA:87,1
DA:88,1
DA:89,2
DA:90,0
DA:91,0
DA:92,0
LF:30
LH:21
end_of_record
SF:lib\login_screen\styles.dart
DA:9,4
DA:16,0
LF:2
LH:1
end_of_record
SF:lib\menu_utama\see_all_page.dart
DA:10,1
DA:12,1
DA:13,1
DA:47,1
DA:48,3
DA:49,1
DA:50,2
DA:51,5
DA:52,5
DA:53,1
DA:56,1
DA:58,1
DA:59,1
DA:60,2
DA:62,1
DA:64,0
DA:65,0
DA:69,1
DA:70,1
DA:71,1
DA:72,3
DA:77,1
DA:78,1
DA:80,1
DA:82,1
DA:83,1
DA:84,2
DA:85,1
DA:89,1
DA:94,1
DA:95,1
DA:96,1
DA:103,1
DA:104,1
DA:106,2
DA:107,1
DA:108,2
DA:109,1
DA:110,1
DA:111,1
DA:112,1
DA:113,1
LF:42
LH:40
end_of_record
SF:lib\api\DatagymAPI.dart
DA:9,0
DA:12,0
DA:14,0
DA:15,0
DA:16,0
DA:18,0
DA:19,0
DA:22,0
DA:26,0
DA:28,0
DA:30,0
DA:31,0
DA:32,0
DA:34,0
DA:35,0
DA:38,0
DA:42,0
DA:45,0
DA:47,0
DA:48,0
DA:49,0
DA:51,0
DA:52,0
DA:55,0
DA:59,0
DA:62,0
DA:64,0
DA:65,0
DA:66,0
DA:67,0
DA:69,0
DA:70,0
DA:73,0
DA:77,0
DA:79,0
DA:81,0
DA:82,0
DA:83,0
DA:84,0
DA:87,0
DA:88,0
DA:91,0
LF:42
LH:0
end_of_record
SF:lib\menu_utama\class_page.dart
DA:7,1
DA:9,0
DA:10,0
DA:18,0
DA:20,0
DA:21,0
DA:24,0
DA:26,0
DA:27,0
DA:28,0
DA:29,0
DA:32,0
DA:33,0
DA:35,0
DA:36,0
DA:41,0
DA:43,0
DA:44,0
DA:45,0
DA:47,0
DA:50,0
DA:55,0
DA:56,0
DA:60,0
DA:61,0
DA:62,0
DA:63,0
DA:68,0
DA:70,0
DA:71,0
DA:74,0
DA:76,0
DA:83,0
DA:84,0
DA:85,0
DA:86,0
DA:87,0
DA:89,0
DA:90,0
DA:91,0
DA:92,0
DA:93,0
DA:94,0
LF:43
LH:1
end_of_record
SF:lib\widget\class_item_widget.dart
DA:10,0
DA:19,0
DA:21,0
DA:23,0
DA:25,0
DA:26,0
DA:29,0
DA:31,0
DA:32,0
DA:33,0
DA:34,0
DA:40,0
DA:41,0
DA:42,0
DA:44,0
DA:46,0
DA:47,0
DA:53,0
DA:54,0
DA:56,0
DA:58,0
DA:60,0
DA:61,0
DA:62,0
DA:69,0
DA:70,0
DA:81,0
DA:83,0
DA:84,0
DA:86,0
DA:96,0
DA:97,0
DA:105,0
DA:107,0
DA:117,0
DA:118,0
LF:36
LH:0
end_of_record
SF:lib\menu_utama\discount_page.dart
DA:7,1
DA:9,0
DA:10,0
DA:18,0
DA:20,0
DA:21,0
DA:24,0
DA:26,0
DA:27,0
DA:28,0
DA:29,0
DA:32,0
DA:33,0
DA:35,0
DA:36,0
DA:41,0
DA:43,0
DA:44,0
DA:45,0
DA:47,0
DA:50,0
DA:55,0
DA:56,0
DA:61,0
DA:62,0
DA:63,0
DA:64,0
DA:69,0
DA:71,0
DA:73,0
DA:94,0
DA:96,0
DA:103,0
DA:104,0
DA:105,0
DA:106,0
DA:107,0
DA:109,0
DA:110,0
DA:111,0
LF:40
LH:1
end_of_record
SF:lib\widget\discount_item.dart
DA:7,0
DA:13,0
DA:15,0
DA:18,0
DA:20,0
DA:22,0
DA:23,0
DA:24,0
DA:27,0
DA:28,0
LF:10
LH:0
end_of_record
SF:lib\menu_utama\facility_page.dart
DA:7,1
DA:9,0
DA:10,0
DA:18,0
DA:20,0
DA:21,0
DA:24,0
DA:26,0
DA:27,0
DA:28,0
DA:29,0
DA:32,0
DA:33,0
DA:35,0
DA:36,0
DA:41,0
DA:43,0
DA:44,0
DA:45,0
DA:47,0
DA:50,0
DA:55,0
DA:56,0
DA:60,0
DA:61,0
DA:62,0
DA:63,0
DA:68,0
DA:70,0
DA:71,0
DA:73,0
DA:75,0
DA:82,0
DA:83,0
DA:84,0
DA:85,0
DA:86,0
DA:87,0
DA:88,0
DA:90,0
LF:40
LH:1
end_of_record
SF:lib\widget\facility_item_widget.dart
DA:8,0
DA:15,0
DA:17,0
DA:19,0
DA:21,0
DA:23,0
DA:24,0
DA:25,0
DA:31,0
DA:32,0
DA:36,0
DA:42,0
DA:52,0
DA:55,0
DA:56,0
DA:57,0
DA:61,0
DA:63,0
DA:65,0
DA:66,0
DA:67,0
DA:75,0
DA:76,0
LF:23
LH:0
end_of_record
SF:lib\menu_utama\food_page.dart
DA:7,1
DA:9,0
DA:10,0
DA:18,0
DA:20,0
DA:21,0
DA:24,0
DA:26,0
DA:27,0
DA:28,0
DA:29,0
DA:32,0
DA:33,0
DA:35,0
DA:36,0
DA:41,0
DA:43,0
DA:44,0
DA:45,0
DA:47,0
DA:50,0
DA:52,0
DA:53,0
DA:57,0
DA:60,0
DA:61,0
DA:62,0
DA:68,0
DA:70,0
DA:72,0
DA:73,0
DA:74,0
DA:75,0
DA:76,0
DA:117,0
DA:119,0
DA:126,0
DA:127,0
DA:128,0
DA:129,0
DA:130,0
DA:131,0
DA:132,0
DA:133,0
DA:135,0
DA:136,0
DA:139,0
DA:140,0
DA:141,0
DA:153,0
DA:154,0
DA:156,0
DA:157,0
DA:163,0
DA:166,0
DA:167,0
DA:173,0
DA:178,0
DA:180,0
DA:181,0
DA:182,0
DA:183,0
LF:62
LH:1
end_of_record
SF:lib\widget\foodmenu_item.dart
DA:7,0
DA:13,0
DA:15,0
DA:16,0
DA:17,0
DA:18,0
DA:21,0
DA:22,0
DA:25,0
DA:26,0
DA:27,0
DA:33,0
DA:34,0
DA:38,0
DA:44,0
DA:54,0
DA:55,0
LF:17
LH:0
end_of_record
SF:lib\widget\all_list_item.dart
DA:13,1
DA:25,1
DA:27,1
DA:29,1
DA:30,1
DA:31,3
DA:32,4
DA:33,4
DA:34,0
DA:35,0
DA:37,0
LF:11
LH:8
end_of_record
